This file contains any messages produced by compilers while
running configure, to aid debugging if configure makes a mistake.

It was created by ocaml-sqlite configure 0.3.5, which was
generated by GNU Autoconf 2.59.  Invocation command line was

  $ ./configure 

## --------- ##
## Platform. ##
## --------- ##

hostname = gentoo
uname -m = i686
uname -r = 2.6.12-gentoo-r6
uname -s = Linux
uname -v = #3 Sat Sep 10 15:50:38 Local time zone must be set--see zic manu

/usr/bin/uname -p = Intel(R) Pentium(R) 4 CPU 2.40GHz
/bin/uname -X     = unknown

/bin/arch              = i686
/usr/bin/arch -k       = unknown
/usr/convex/getsysinfo = unknown
hostinfo               = unknown
/bin/machine           = unknown
/usr/bin/oslevel       = unknown
/bin/universe          = unknown

PATH: /usr/kde/3.4/bin
PATH: /usr/local/bin
PATH: /usr/bin
PATH: /bin
PATH: /opt/bin
PATH: /usr/i686-pc-linux-gnu/gcc-bin/3.3.5-20050130
PATH: /opt/ati/bin
PATH: /opt/ghc/bin
PATH: /usr/X11R6/bin
PATH: /opt/eclipse
PATH: /opt/blackdown-jdk-1.4.2.02/bin
PATH: /opt/blackdown-jdk-1.4.2.02/jre/bin
PATH: /usr/qt/3/bin
PATH: /usr/kde/3.4/bin
PATH: /usr/kde/3.1/bin
PATH: /usr/kde/3.1/bin
PATH: /usr/games/bin
PATH: /usr/share/karamba/bin
PATH: /home/chris/godi/sbin
PATH: /home/chris/godi/bin
PATH: /home/chris/godi/sbin
PATH: /home/chris/godi/bin


## ----------- ##
## Core tests. ##
## ----------- ##

configure:1309: checking for ocaml compiler and tools...
configure:1313: checking for ocamlc
configure:1329: found /home/chris/godi/bin/ocamlc
configure:1339: result: ocamlc
configure:1348: checking for ocamlopt
configure:1364: found /home/chris/godi/bin/ocamlopt
configure:1374: result: ocamlopt
configure:1383: checking for ocamlfind
configure:1399: found /home/chris/godi/bin/ocamlfind
configure:1409: result: ocamlfind
configure:1455: checking for a BSD-compatible install
configure:1510: result: /usr/bin/install -c
configure:1523: checking for C compiler...
configure:1571: checking for gcc
configure:1587: found /usr/bin/gcc
configure:1597: result: gcc
configure:1841: checking for C compiler version
configure:1844: gcc --version </dev/null >&5
gcc (GCC) 3.3.5-20050130 (Gentoo 3.3.5.20050130-r1, ssp-3.3.5.20050130-1, pie-8.7.7.1)
Copyright (C) 2003 Free Software Foundation, Inc.
This is free software; see the source for copying conditions.  There is NO
warranty; not even for MERCHANTABILITY or FITNESS FOR A PARTICULAR PURPOSE.

configure:1847: $? = 0
configure:1849: gcc -v </dev/null >&5
Reading specs from /usr/lib/gcc-lib/i686-pc-linux-gnu/3.3.5-20050130/specs
Configured with: /var/tmp/portage/gcc-3.3.5.20050130-r1/work/gcc-3.3.5/configure --enable-version-specific-runtime-libs --prefix=/usr --bindir=/usr/i686-pc-linux-gnu/gcc-bin/3.3.5-20050130 --includedir=/usr/lib/gcc-lib/i686-pc-linux-gnu/3.3.5-20050130/include --datadir=/usr/share/gcc-data/i686-pc-linux-gnu/3.3.5-20050130 --mandir=/usr/share/gcc-data/i686-pc-linux-gnu/3.3.5-20050130/man --infodir=/usr/share/gcc-data/i686-pc-linux-gnu/3.3.5-20050130/info --with-gxx-include-dir=/usr/lib/gcc-lib/i686-pc-linux-gnu/3.3.5-20050130/include/g++-v3 --host=i686-pc-linux-gnu --build=i686-pc-linux-gnu --disable-altivec --enable-nls --without-included-gettext --with-system-zlib --disable-checking --disable-werror --disable-libunwind-exceptions --disable-multilib --disable-libgcj --enable-languages=c,c++,f77 --enable-shared --enable-threads=posix --enable-__cxa_atexit --enable-clocale=gnu
Thread model: posix
gcc version 3.3.5-20050130 (Gentoo 3.3.5.20050130-r1, ssp-3.3.5.20050130-1, pie-8.7.7.1)
configure:1852: $? = 0
configure:1854: gcc -V </dev/null >&5
gcc: `-V' option must have argument
configure:1857: $? = 1
configure:1880: checking for C compiler default output file name
configure:1883: gcc    conftest.c  >&5
configure:1886: $? = 0
configure:1932: result: a.out
configure:1937: checking whether the C compiler works
configure:1943: ./a.out
configure:1946: $? = 0
configure:1963: result: yes
configure:1970: checking whether we are cross compiling
configure:1972: result: no
configure:1975: checking for suffix of executables
configure:1977: gcc -o conftest    conftest.c  >&5
configure:1980: $? = 0
configure:2005: result: 
configure:2011: checking for suffix of object files
configure:2032: gcc -c   conftest.c >&5
configure:2035: $? = 0
configure:2057: result: o
configure:2061: checking whether we are using the GNU C compiler
configure:2085: gcc -c   conftest.c >&5
configure:2091: $? = 0
configure:2095: test -z 
			 || test ! -s conftest.err
configure:2098: $? = 0
configure:2101: test -s conftest.o
configure:2104: $? = 0
configure:2117: result: yes
configure:2123: checking whether gcc accepts -g
configure:2144: gcc -c -g  conftest.c >&5
configure:2150: $? = 0
configure:2154: test -z 
			 || test ! -s conftest.err
configure:2157: $? = 0
configure:2160: test -s conftest.o
configure:2163: $? = 0
configure:2174: result: yes
configure:2191: checking for gcc option to accept ANSI C
configure:2261: gcc  -c -g -O2  conftest.c >&5
configure:2267: $? = 0
configure:2271: test -z 
			 || test ! -s conftest.err
configure:2274: $? = 0
configure:2277: test -s conftest.o
configure:2280: $? = 0
configure:2298: result: none needed
configure:2316: gcc -c -g -O2  conftest.c >&5
conftest.c:2: error: syntax error before "me"
configure:2322: $? = 1
configure: failed program was:
| #ifndef __cplusplus
|   choke me
| #endif
configure:2456: checking for C header files...
configure:2464: checking how to run the C preprocessor
configure:2499: gcc -E  conftest.c
configure:2505: $? = 0
configure:2537: gcc -E  conftest.c
conftest.c:9:28: ac_nonexistent.h: No such file or directory
configure:2543: $? = 1
configure: failed program was:
| /* confdefs.h.  */
| 
| #define PACKAGE_NAME "ocaml-sqlite"
| #define PACKAGE_TARNAME "ocaml-sqlite"
| #define PACKAGE_VERSION "0.3.5"
| #define PACKAGE_STRING "ocaml-sqlite 0.3.5"
| #define PACKAGE_BUGREPORT "martine@danga.com"
| /* end confdefs.h.  */
| #include <ac_nonexistent.h>
configure:2582: result: gcc -E
configure:2606: gcc -E  conftest.c
configure:2612: $? = 0
configure:2644: gcc -E  conftest.c
conftest.c:9:28: ac_nonexistent.h: No such file or directory
configure:2650: $? = 1
configure: failed program was:
| /* confdefs.h.  */
| 
| #define PACKAGE_NAME "ocaml-sqlite"
| #define PACKAGE_TARNAME "ocaml-sqlite"
| #define PACKAGE_VERSION "0.3.5"
| #define PACKAGE_STRING "ocaml-sqlite 0.3.5"
| #define PACKAGE_BUGREPORT "martine@danga.com"
| /* end confdefs.h.  */
| #include <ac_nonexistent.h>
configure:2694: checking for egrep
configure:2704: result: grep -E
configure:2709: checking for ANSI C header files
configure:2734: gcc -c -g -O2  conftest.c >&5
configure:2740: $? = 0
configure:2744: test -z 
			 || test ! -s conftest.err
configure:2747: $? = 0
configure:2750: test -s conftest.o
configure:2753: $? = 0
configure:2842: gcc -o conftest -g -O2   conftest.c  >&5
configure:2845: $? = 0
configure:2847: ./conftest
configure:2850: $? = 0
configure:2865: result: yes
configure:2876: checking libraries...
configure:2887: checking for sqlite3 library...
configure:2890: checking for sqlite3_open in -lsqlite3
configure:2920: gcc -o conftest -g -O2   conftest.c -lsqlite3   >&5
configure:2926: $? = 0
configure:2930: test -z 
			 || test ! -s conftest.err
configure:2933: $? = 0
configure:2936: test -s conftest
configure:2939: $? = 0
configure:2952: result: yes
configure:2968: checking for Sqlite header files...
configure:2984: checking for sys/types.h
configure:3000: gcc -c -g -O2  conftest.c >&5
configure:3006: $? = 0
configure:3010: test -z 
			 || test ! -s conftest.err
configure:3013: $? = 0
configure:3016: test -s conftest.o
configure:3019: $? = 0
configure:3030: result: yes
configure:2984: checking for sys/stat.h
configure:3000: gcc -c -g -O2  conftest.c >&5
configure:3006: $? = 0
configure:3010: test -z 
			 || test ! -s conftest.err
configure:3013: $? = 0
configure:3016: test -s conftest.o
configure:3019: $? = 0
configure:3030: result: yes
configure:2984: checking for stdlib.h
configure:3000: gcc -c -g -O2  conftest.c >&5
configure:3006: $? = 0
configure:3010: test -z 
			 || test ! -s conftest.err
configure:3013: $? = 0
configure:3016: test -s conftest.o
configure:3019: $? = 0
configure:3030: result: yes
configure:2984: checking for string.h
configure:3000: gcc -c -g -O2  conftest.c >&5
configure:3006: $? = 0
configure:3010: test -z 
			 || test ! -s conftest.err
configure:3013: $? = 0
configure:3016: test -s conftest.o
configure:3019: $? = 0
configure:3030: result: yes
configure:2984: checking for memory.h
configure:3000: gcc -c -g -O2  conftest.c >&5
configure:3006: $? = 0
configure:3010: test -z 
			 || test ! -s conftest.err
configure:3013: $? = 0
configure:3016: test -s conftest.o
configure:3019: $? = 0
configure:3030: result: yes
configure:2984: checking for strings.h
configure:3000: gcc -c -g -O2  conftest.c >&5
configure:3006: $? = 0
configure:3010: test -z 
			 || test ! -s conftest.err
configure:3013: $? = 0
configure:3016: test -s conftest.o
configure:3019: $? = 0
configure:3030: result: yes
configure:2984: checking for inttypes.h
configure:3000: gcc -c -g -O2  conftest.c >&5
configure:3006: $? = 0
configure:3010: test -z 
			 || test ! -s conftest.err
configure:3013: $? = 0
configure:3016: test -s conftest.o
configure:3019: $? = 0
configure:3030: result: yes
configure:2984: checking for stdint.h
configure:3000: gcc -c -g -O2  conftest.c >&5
configure:3006: $? = 0
configure:3010: test -z 
			 || test ! -s conftest.err
configure:3013: $? = 0
configure:3016: test -s conftest.o
configure:3019: $? = 0
configure:3030: result: yes
configure:2984: checking for unistd.h
configure:3000: gcc -c -g -O2  conftest.c >&5
configure:3006: $? = 0
configure:3010: test -z 
			 || test ! -s conftest.err
configure:3013: $? = 0
configure:3016: test -s conftest.o
configure:3019: $? = 0
configure:3030: result: yes
configure:3052: checking sqlite3.h usability
configure:3064: gcc -c -g -O2  conftest.c >&5
configure:3070: $? = 0
configure:3074: test -z 
			 || test ! -s conftest.err
configure:3077: $? = 0
configure:3080: test -s conftest.o
configure:3083: $? = 0
configure:3093: result: yes
configure:3097: checking sqlite3.h presence
configure:3107: gcc -E  conftest.c
configure:3113: $? = 0
configure:3133: result: yes
configure:3168: checking for sqlite3.h
configure:3175: result: yes
configure:3189: checking for OCaml header files...
configure:3320: creating ./config.status

## ---------------------- ##
## Running config.status. ##
## ---------------------- ##

This file was extended by ocaml-sqlite config.status 0.3.5, which was
generated by GNU Autoconf 2.59.  Invocation command line was

  CONFIG_FILES    = 
  CONFIG_HEADERS  = 
  CONFIG_LINKS    = 
  CONFIG_COMMANDS = 
  $ ./config.status 

on gentoo

config.status:645: creating Makefile
configure:4242: creating ./config.status

## ---------------------- ##
## Running config.status. ##
## ---------------------- ##

This file was extended by ocaml-sqlite config.status 0.3.5, which was
generated by GNU Autoconf 2.59.  Invocation command line was

  CONFIG_FILES    = 
  CONFIG_HEADERS  = 
  CONFIG_LINKS    = 
  CONFIG_COMMANDS = 
  $ ./config.status 

on gentoo

config.status:646: creating Makefile
config.status:646: creating META

## ---------------- ##
## Cache variables. ##
## ---------------- ##

ac_cv_c_compiler_gnu=yes
ac_cv_env_CC_set=
ac_cv_env_CC_value=
ac_cv_env_CFLAGS_set=
ac_cv_env_CFLAGS_value=
ac_cv_env_CPPFLAGS_set=
ac_cv_env_CPPFLAGS_value=
ac_cv_env_CPP_set=
ac_cv_env_CPP_value=
ac_cv_env_LDFLAGS_set=
ac_cv_env_LDFLAGS_value=
ac_cv_env_build_alias_set=
ac_cv_env_build_alias_value=
ac_cv_env_host_alias_set=
ac_cv_env_host_alias_value=
ac_cv_env_target_alias_set=
ac_cv_env_target_alias_value=
ac_cv_exeext=
ac_cv_header_inttypes_h=yes
ac_cv_header_memory_h=yes
ac_cv_header_sqlite3_h=yes
ac_cv_header_stdc=yes
ac_cv_header_stdint_h=yes
ac_cv_header_stdlib_h=yes
ac_cv_header_string_h=yes
ac_cv_header_strings_h=yes
ac_cv_header_sys_stat_h=yes
ac_cv_header_sys_types_h=yes
ac_cv_header_unistd_h=yes
ac_cv_lib_sqlite3_sqlite3_open=yes
ac_cv_objext=o
ac_cv_path_install='/usr/bin/install -c'
ac_cv_prog_CPP='gcc -E'
ac_cv_prog_ac_ct_CC=gcc
ac_cv_prog_cc_g=yes
ac_cv_prog_cc_stdc=
ac_cv_prog_egrep='grep -E'
ac_cv_prog_ocamlc=ocamlc
ac_cv_prog_ocamlfind=ocamlfind
ac_cv_prog_ocamlopt=ocamlopt

## ----------------- ##
## Output variables. ##
## ----------------- ##

CC='gcc'
CFLAGS='-g -O2'
CPP='gcc -E'
CPPFLAGS=' -I/home/chris/godi/lib/ocaml/std-lib'
DEFS='-DPACKAGE_NAME=\"ocaml-sqlite\" -DPACKAGE_TARNAME=\"ocaml-sqlite\" -DPACKAGE_VERSION=\"0.3.5\" -DPACKAGE_STRING=\"ocaml-sqlite\ 0.3.5\" -DPACKAGE_BUGREPORT=\"martine@danga.com\" -DSTDC_HEADERS=1 -DHAVE_LIBSQLITE3=1 -DHAVE_SYS_TYPES_H=1 -DHAVE_SYS_STAT_H=1 -DHAVE_STDLIB_H=1 -DHAVE_STRING_H=1 -DHAVE_MEMORY_H=1 -DHAVE_STRINGS_H=1 -DHAVE_INTTYPES_H=1 -DHAVE_STDINT_H=1 -DHAVE_UNISTD_H=1 '
ECHO_C=''
ECHO_N='-n'
ECHO_T=''
EGREP='grep -E'
EXEEXT=''
INSTALL='/usr/bin/install -c'
INSTALL_DATA='${INSTALL} -m 644'
INSTALL_PROGRAM='${INSTALL}'
INSTALL_SCRIPT='${INSTALL}'
LDFLAGS=''
LIBOBJS=''
LIBS='-lsqlite3 '
LTLIBOBJS=''
OBJEXT='o'
PACKAGE_BUGREPORT='martine@danga.com'
PACKAGE_NAME='ocaml-sqlite'
PACKAGE_STRING='ocaml-sqlite 0.3.5'
PACKAGE_TARNAME='ocaml-sqlite'
PACKAGE_VERSION='0.3.5'
PATH_SEPARATOR=':'
SHELL='/bin/sh'
ac_ct_CC='gcc'
bindir='${exec_prefix}/bin'
build_alias=''
datadir='${prefix}/share'
exec_prefix='${prefix}'
host_alias=''
includedir='${prefix}/include'
infodir='${prefix}/info'
libdir='${exec_prefix}/lib'
libexecdir='${exec_prefix}/libexec'
localstatedir='${prefix}/var'
mandir='${prefix}/man'
ocamlc='ocamlc'
ocamlfind='ocamlfind'
ocamlopt='ocamlopt'
oldincludedir='/usr/include'
prefix='/usr/local'
program_transform_name='s,x,x,'
sbindir='${exec_prefix}/sbin'
sharedstatedir='${prefix}/com'
sysconfdir='${prefix}/etc'
target_alias=''

## ----------- ##
## confdefs.h. ##
## ----------- ##

#define HAVE_INTTYPES_H 1
#define HAVE_LIBSQLITE3 1
#define HAVE_MEMORY_H 1
#define HAVE_STDINT_H 1
#define HAVE_STDLIB_H 1
#define HAVE_STRINGS_H 1
#define HAVE_STRING_H 1
#define HAVE_SYS_STAT_H 1
#define HAVE_SYS_TYPES_H 1
#define HAVE_UNISTD_H 1
#define PACKAGE_BUGREPORT "martine@danga.com"
#define PACKAGE_NAME "ocaml-sqlite"
#define PACKAGE_STRING "ocaml-sqlite 0.3.5"
#define PACKAGE_TARNAME "ocaml-sqlite"
#define PACKAGE_VERSION "0.3.5"
#define STDC_HEADERS 1

configure: exit 0
